2024-10-02 06:54:42,671 - root - INFO - 日志系统初始化成功
2024-10-02 06:54:42,675 - root - INFO - 应用启动
2024-10-02 06:59:10,193 - root - INFO - 日志系统初始化成功
2024-10-02 06:59:10,197 - root - INFO - 应用启动
2024-10-02 06:59:14,162 - root - INFO - 日志系统初始化成功
2024-10-02 06:59:14,165 - root - INFO - 应用启动
2024-10-02 07:01:34,190 - root - INFO - 日志系统初始化成功
2024-10-02 07:01:34,193 - root - INFO - 应用启动
2024-10-02 07:01:34,194 - root - INFO - WeChatApp 实例化成功
2024-10-02 07:01:43,592 - itchat - INFO - Ready to login.
2024-10-02 07:01:43,596 - itchat - INFO - Getting uuid of QR code.
2024-10-02 07:01:43,822 - itchat - INFO - Downloading QR code.
2024-10-02 07:01:43,849 - root - INFO - 二维码已保存到 qr.png
2024-10-02 07:01:43,913 - root - ERROR - 更新二维码时发生错误: module 'PIL.Image' has no attribute 'ANTIALIAS'
2024-10-02 07:01:43,914 - root - ERROR - 异常信息:
Traceback (most recent call last):
  File "/Users/martinezdavid/Documents/MG/code/wechat-automation-project/src/main.py", line 147, in poll_qr_queue
    qr_image = qr_image.resize((300, 300), Image.ANTIALIAS)
                                           ^^^^^^^^^^^^^^^
AttributeError: module 'PIL.Image' has no attribute 'ANTIALIAS'
2024-10-02 07:01:44,067 - root - ERROR - 未找到接收者: 李老师呀
2024-10-02 07:02:08,982 - root - INFO - 二维码已保存到 qr.png
2024-10-02 07:02:09,041 - root - ERROR - 更新二维码时发生错误: module 'PIL.Image' has no attribute 'ANTIALIAS'
2024-10-02 07:02:09,044 - root - ERROR - 异常信息:
Traceback (most recent call last):
  File "/Users/martinezdavid/Documents/MG/code/wechat-automation-project/src/main.py", line 147, in poll_qr_queue
    qr_image = qr_image.resize((300, 300), Image.ANTIALIAS)
                                           ^^^^^^^^^^^^^^^
AttributeError: module 'PIL.Image' has no attribute 'ANTIALIAS'
2024-10-02 07:02:09,208 - root - ERROR - 未找到接收者: 李老师呀
2024-10-02 07:02:34,153 - root - INFO - 二维码已保存到 qr.png
2024-10-02 07:02:34,184 - root - ERROR - 更新二维码时发生错误: module 'PIL.Image' has no attribute 'ANTIALIAS'
2024-10-02 07:02:34,186 - root - ERROR - 异常信息:
Traceback (most recent call last):
  File "/Users/martinezdavid/Documents/MG/code/wechat-automation-project/src/main.py", line 147, in poll_qr_queue
    qr_image = qr_image.resize((300, 300), Image.ANTIALIAS)
                                           ^^^^^^^^^^^^^^^
AttributeError: module 'PIL.Image' has no attribute 'ANTIALIAS'
2024-10-02 07:02:34,330 - root - ERROR - 未找到接收者: 李老师呀
2024-10-02 07:02:59,296 - root - INFO - 二维码已保存到 qr.png
2024-10-02 07:02:59,410 - root - ERROR - 更新二维码时发生错误: module 'PIL.Image' has no attribute 'ANTIALIAS'
2024-10-02 07:02:59,416 - root - ERROR - 异常信息:
Traceback (most recent call last):
  File "/Users/martinezdavid/Documents/MG/code/wechat-automation-project/src/main.py", line 147, in poll_qr_queue
    qr_image = qr_image.resize((300, 300), Image.ANTIALIAS)
                                           ^^^^^^^^^^^^^^^
AttributeError: module 'PIL.Image' has no attribute 'ANTIALIAS'
2024-10-02 07:03:00,582 - root - ERROR - 未找到接收者: 李老师呀
2024-10-02 07:03:24,427 - root - INFO - 二维码已保存到 qr.png
2024-10-02 07:03:24,450 - root - ERROR - 更新二维码时发生错误: module 'PIL.Image' has no attribute 'ANTIALIAS'
2024-10-02 07:03:24,453 - root - ERROR - 异常信息:
Traceback (most recent call last):
  File "/Users/martinezdavid/Documents/MG/code/wechat-automation-project/src/main.py", line 147, in poll_qr_queue
    qr_image = qr_image.resize((300, 300), Image.ANTIALIAS)
                                           ^^^^^^^^^^^^^^^
AttributeError: module 'PIL.Image' has no attribute 'ANTIALIAS'
2024-10-02 07:03:24,597 - root - ERROR - 未找到接收者: 李老师呀
2024-10-02 07:03:49,569 - root - INFO - 二维码已保存到 qr.png
2024-10-02 07:03:49,691 - root - ERROR - 更新二维码时发生错误: module 'PIL.Image' has no attribute 'ANTIALIAS'
2024-10-02 07:03:49,696 - root - ERROR - 异常信息:
Traceback (most recent call last):
  File "/Users/martinezdavid/Documents/MG/code/wechat-automation-project/src/main.py", line 147, in poll_qr_queue
    qr_image = qr_image.resize((300, 300), Image.ANTIALIAS)
                                           ^^^^^^^^^^^^^^^
AttributeError: module 'PIL.Image' has no attribute 'ANTIALIAS'
2024-10-02 07:03:49,836 - root - ERROR - 未找到接收者: 李老师呀
2024-10-02 07:04:14,725 - root - INFO - 二维码已保存到 qr.png
2024-10-02 07:04:14,807 - root - ERROR - 更新二维码时发生错误: module 'PIL.Image' has no attribute 'ANTIALIAS'
2024-10-02 07:04:14,812 - root - ERROR - 异常信息:
Traceback (most recent call last):
  File "/Users/martinezdavid/Documents/MG/code/wechat-automation-project/src/main.py", line 147, in poll_qr_queue
    qr_image = qr_image.resize((300, 300), Image.ANTIALIAS)
                                           ^^^^^^^^^^^^^^^
AttributeError: module 'PIL.Image' has no attribute 'ANTIALIAS'
2024-10-02 07:04:15,003 - root - ERROR - 未找到接收者: 李老师呀
2024-10-02 07:04:39,884 - root - INFO - 二维码已保存到 qr.png
2024-10-02 07:04:39,982 - root - ERROR - 更新二维码时发生错误: module 'PIL.Image' has no attribute 'ANTIALIAS'
2024-10-02 07:04:39,984 - root - ERROR - 异常信息:
Traceback (most recent call last):
  File "/Users/martinezdavid/Documents/MG/code/wechat-automation-project/src/main.py", line 147, in poll_qr_queue
    qr_image = qr_image.resize((300, 300), Image.ANTIALIAS)
                                           ^^^^^^^^^^^^^^^
AttributeError: module 'PIL.Image' has no attribute 'ANTIALIAS'
2024-10-02 07:04:40,178 - root - ERROR - 未找到接收者: 李老师呀
2024-10-02 07:05:05,045 - root - INFO - 二维码已保存到 qr.png
2024-10-02 07:05:05,052 - root - ERROR - 更新二维码时发生错误: module 'PIL.Image' has no attribute 'ANTIALIAS'
2024-10-02 07:05:05,056 - root - ERROR - 异常信息:
Traceback (most recent call last):
  File "/Users/martinezdavid/Documents/MG/code/wechat-automation-project/src/main.py", line 147, in poll_qr_queue
    """
        
AttributeError: module 'PIL.Image' has no attribute 'ANTIALIAS'
2024-10-02 07:05:05,230 - root - ERROR - 未找到接收者: 李老师呀
2024-10-02 07:08:51,894 - root - INFO - 日志系统初始化成功
2024-10-02 07:08:51,898 - root - INFO - 应用启动
2024-10-02 07:11:21,943 - root - INFO - 日志系统初始化成功
2024-10-02 07:11:21,947 - root - INFO - 应用启动
2024-10-02 07:11:23,351 - root - INFO - 日志系统初始化成功
2024-10-02 07:11:23,354 - root - INFO - 应用启动
2024-10-02 07:15:02,352 - root - INFO - 日志系统初始化成功
2024-10-02 07:15:02,355 - root - INFO - 应用启动
2024-10-02 07:18:26,250 - root - INFO - 日志系统初始化成功
2024-10-02 07:18:26,253 - root - INFO - 应用启动
2024-10-02 07:18:27,419 - root - INFO - 日志系统初始化成功
2024-10-02 07:18:27,422 - root - INFO - 应用启动
2024-10-02 07:21:39,229 - root - INFO - 日志系统初始化成功
2024-10-02 07:21:39,232 - root - INFO - 应用启动
2024-10-02 07:21:39,233 - root - INFO - DownloadWatcher 已启动并监控下载目录
2024-10-02 07:21:39,277 - root - INFO - 开始监控下载目录: /Users/martinezdavid/Downloads
2024-10-02 07:21:39,277 - root - INFO - WeChatApp 实例化成功
2024-10-02 07:21:40,314 - root - ERROR - 无法启动下载监控: main thread is not in main loop
2024-10-02 07:21:57,712 - root - INFO - 用户点击登录微信
2024-10-02 07:21:58,007 - itchat - INFO - Ready to login.
2024-10-02 07:21:58,010 - itchat - INFO - Getting uuid of QR code.
2024-10-02 07:21:58,211 - itchat - INFO - Downloading QR code.
2024-10-02 07:21:58,246 - root - INFO - 二维码已保存到 qr.png
2024-10-02 07:21:58,321 - root - INFO - 二维码已显示在GUI上
2024-10-02 07:22:04,531 - root - INFO - 二维码已保存到 qr.png
2024-10-02 07:22:04,561 - itchat - INFO - Please press confirm on your phone.
2024-10-02 07:22:04,594 - root - INFO - 二维码已显示在GUI上
2024-10-02 07:22:12,201 - root - INFO - 二维码已保存到 qr.png
2024-10-02 07:22:12,279 - root - INFO - 二维码已显示在GUI上
2024-10-02 07:22:12,837 - root - INFO - 二维码已保存到 qr.png
2024-10-02 07:22:12,897 - root - INFO - 二维码已显示在GUI上
2024-10-02 07:22:13,484 - root - INFO - 二维码已保存到 qr.png
2024-10-02 07:22:13,617 - root - INFO - 二维码已显示在GUI上
2024-10-02 07:22:15,071 - root - INFO - 二维码已保存到 qr.png
2024-10-02 07:22:15,101 - itchat - INFO - Loading the contact, this may take a little while.
2024-10-02 07:22:15,138 - root - INFO - 二维码已显示在GUI上
2024-10-02 07:22:19,380 - itchat - INFO - Login successfully as 李老师呀
2024-10-02 07:22:19,398 - root - INFO - 微信登录成功
2024-10-02 07:30:53,032 - root - INFO - 用户点击退出微信
2024-10-02 07:30:53,046 - root - INFO - 微信已退出
2024-10-02 07:30:58,249 - root - INFO - 日志系统初始化成功
2024-10-02 07:30:58,252 - root - INFO - 应用启动
2024-10-02 07:30:58,253 - root - INFO - DownloadWatcher 已启动并监控下载目录
2024-10-02 07:30:58,253 - root - INFO - 开始监控下载目录: /Users/martinezdavid/Downloads
2024-10-02 07:30:58,253 - root - INFO - WeChatApp 实例化成功
2024-10-02 07:30:59,282 - root - ERROR - 无法启动下载监控: main thread is not in main loop
2024-10-02 07:31:11,162 - root - INFO - 用户点击登录微信
2024-10-02 07:31:11,446 - itchat - INFO - Ready to login.
2024-10-02 07:31:11,458 - itchat - INFO - Getting uuid of QR code.
2024-10-02 07:31:11,687 - itchat - INFO - Downloading QR code.
2024-10-02 07:31:11,734 - root - INFO - 二维码已保存到 qr.png
2024-10-02 07:31:11,761 - root - INFO - 二维码已显示在GUI上
2024-10-02 07:31:19,628 - root - INFO - 二维码已保存到 qr.png
2024-10-02 07:31:19,656 - itchat - INFO - Please press confirm on your phone.
2024-10-02 07:31:19,756 - root - INFO - 二维码已显示在GUI上
2024-10-02 07:31:27,277 - root - INFO - 二维码已保存到 qr.png
2024-10-02 07:31:27,342 - root - INFO - 二维码已显示在GUI上
2024-10-02 07:31:27,934 - root - INFO - 二维码已保存到 qr.png
2024-10-02 07:31:28,061 - root - INFO - 二维码已显示在GUI上
2024-10-02 07:31:28,582 - root - INFO - 二维码已保存到 qr.png
2024-10-02 07:31:28,671 - root - INFO - 二维码已显示在GUI上
2024-10-02 07:31:29,238 - root - INFO - 二维码已保存到 qr.png
2024-10-02 07:31:29,289 - root - INFO - 二维码已显示在GUI上
2024-10-02 07:31:29,889 - root - INFO - 二维码已保存到 qr.png
2024-10-02 07:31:30,012 - root - INFO - 二维码已显示在GUI上
2024-10-02 07:31:30,553 - root - INFO - 二维码已保存到 qr.png
2024-10-02 07:31:30,636 - root - INFO - 二维码已显示在GUI上
2024-10-02 07:31:31,201 - root - INFO - 二维码已保存到 qr.png
2024-10-02 07:31:31,254 - root - INFO - 二维码已显示在GUI上
2024-10-02 07:31:31,836 - root - INFO - 二维码已保存到 qr.png
2024-10-02 07:31:31,866 - root - INFO - 二维码已显示在GUI上
2024-10-02 07:31:32,484 - root - INFO - 二维码已保存到 qr.png
2024-10-02 07:31:32,575 - root - INFO - 二维码已显示在GUI上
2024-10-02 07:31:33,109 - root - INFO - 二维码已保存到 qr.png
2024-10-02 07:31:33,186 - root - INFO - 二维码已显示在GUI上
2024-10-02 07:31:33,753 - root - INFO - 二维码已保存到 qr.png
2024-10-02 07:31:33,797 - root - INFO - 二维码已显示在GUI上
2024-10-02 07:31:34,406 - root - INFO - 二维码已保存到 qr.png
2024-10-02 07:31:34,508 - root - INFO - 二维码已显示在GUI上
2024-10-02 07:31:35,051 - root - INFO - 二维码已保存到 qr.png
2024-10-02 07:31:35,120 - root - INFO - 二维码已显示在GUI上
2024-10-02 07:31:35,734 - root - INFO - 二维码已保存到 qr.png
2024-10-02 07:31:35,831 - root - INFO - 二维码已显示在GUI上
2024-10-02 07:31:36,370 - root - INFO - 二维码已保存到 qr.png
2024-10-02 07:31:36,453 - root - INFO - 二维码已显示在GUI上
2024-10-02 07:31:37,036 - root - INFO - 二维码已保存到 qr.png
2024-10-02 07:31:37,170 - root - INFO - 二维码已显示在GUI上
2024-10-02 07:31:37,717 - root - INFO - 二维码已保存到 qr.png
2024-10-02 07:31:37,783 - root - INFO - 二维码已显示在GUI上
2024-10-02 07:31:38,358 - root - INFO - 二维码已保存到 qr.png
2024-10-02 07:31:38,395 - root - INFO - 二维码已显示在GUI上
2024-10-02 07:31:39,001 - root - INFO - 二维码已保存到 qr.png
2024-10-02 07:31:39,115 - root - INFO - 二维码已显示在GUI上
2024-10-02 07:31:39,620 - root - INFO - 二维码已保存到 qr.png
2024-10-02 07:31:39,753 - root - INFO - 二维码已显示在GUI上
2024-10-02 07:31:40,263 - root - INFO - 二维码已保存到 qr.png
2024-10-02 07:31:40,365 - root - INFO - 二维码已显示在GUI上
2024-10-02 07:31:40,937 - root - INFO - 二维码已保存到 qr.png
2024-10-02 07:31:40,990 - root - INFO - 二维码已显示在GUI上
2024-10-02 07:31:41,596 - root - INFO - 二维码已保存到 qr.png
2024-10-02 07:31:41,719 - root - INFO - 二维码已显示在GUI上
2024-10-02 07:31:42,211 - root - INFO - 二维码已保存到 qr.png
2024-10-02 07:31:42,345 - root - INFO - 二维码已显示在GUI上
2024-10-02 07:31:42,874 - root - INFO - 二维码已保存到 qr.png
2024-10-02 07:31:42,957 - root - INFO - 二维码已显示在GUI上
2024-10-02 07:31:43,553 - root - INFO - 二维码已保存到 qr.png
2024-10-02 07:31:43,687 - root - INFO - 二维码已显示在GUI上
2024-10-02 07:31:44,192 - root - INFO - 二维码已保存到 qr.png
2024-10-02 07:31:44,329 - root - INFO - 二维码已显示在GUI上
2024-10-02 07:31:44,824 - root - INFO - 二维码已保存到 qr.png
2024-10-02 07:31:44,959 - root - INFO - 二维码已显示在GUI上
2024-10-02 07:31:45,489 - root - INFO - 二维码已保存到 qr.png
2024-10-02 07:31:45,571 - root - INFO - 二维码已显示在GUI上
2024-10-02 07:31:46,119 - root - INFO - 二维码已保存到 qr.png
2024-10-02 07:31:46,183 - root - INFO - 二维码已显示在GUI上
2024-10-02 07:31:46,773 - root - INFO - 二维码已保存到 qr.png
2024-10-02 07:31:46,906 - root - INFO - 二维码已显示在GUI上
2024-10-02 07:31:47,436 - root - INFO - 二维码已保存到 qr.png
2024-10-02 07:31:47,520 - root - INFO - 二维码已显示在GUI上
2024-10-02 07:31:48,062 - root - INFO - 二维码已保存到 qr.png
2024-10-02 07:31:48,131 - root - INFO - 二维码已显示在GUI上
2024-10-02 07:31:48,691 - root - INFO - 二维码已保存到 qr.png
2024-10-02 07:31:48,754 - root - INFO - 二维码已显示在GUI上
2024-10-02 07:31:49,340 - root - INFO - 二维码已保存到 qr.png
2024-10-02 07:31:49,468 - root - INFO - 二维码已显示在GUI上
2024-10-02 07:31:49,964 - root - INFO - 二维码已保存到 qr.png
2024-10-02 07:31:50,088 - root - INFO - 二维码已显示在GUI上
2024-10-02 07:31:51,515 - root - INFO - 二维码已保存到 qr.png
2024-10-02 07:31:51,530 - itchat - INFO - Loading the contact, this may take a little while.
2024-10-02 07:31:51,614 - root - INFO - 二维码已显示在GUI上
2024-10-02 07:31:55,990 - itchat - INFO - Login successfully as 李老师呀
2024-10-02 07:31:55,993 - root - INFO - 微信登录成功
2024-10-02 07:38:59,559 - root - INFO - 用户点击退出微信
2024-10-02 07:38:59,576 - root - INFO - 微信已退出
2024-10-02 07:42:46,046 - root - INFO - 日志系统初始化成功
2024-10-02 07:42:46,051 - root - INFO - 应用启动
2024-10-02 07:42:46,051 - root - INFO - DownloadWatcher 已启动并监控下载目录
2024-10-02 07:42:46,052 - root - INFO - WeChatApp 实例化成功
2024-10-02 07:42:46,052 - root - INFO - 开始监控下载目录: /Users/martinezdavid/Downloads
2024-10-02 07:42:55,980 - root - INFO - 用户点击登录微信
2024-10-02 07:42:55,984 - root - INFO - Ready to login.
2024-10-02 07:42:56,273 - itchat - INFO - Getting uuid of QR code.
2024-10-02 07:42:57,518 - itchat - INFO - Downloading QR code.
2024-10-02 07:42:57,568 - root - INFO - Getting uuid of QR code.
2024-10-02 07:42:57,574 - itchat - INFO - Please scan the QR code to log in.
2024-10-02 07:45:15,885 - root - INFO - 日志系统初始化成功
2024-10-02 07:45:15,887 - root - INFO - 应用启动
2024-10-02 07:45:15,888 - root - INFO - DownloadWatcher 已启动并监控下载目录
2024-10-02 07:45:15,889 - root - INFO - WeChatApp 实例化成功
2024-10-02 07:45:15,889 - root - INFO - 开始监控下载目录: /Users/martinezdavid/Downloads
2024-10-02 07:45:21,160 - root - INFO - 用户点击登录微信
2024-10-02 07:45:21,164 - root - INFO - Ready to login.
2024-10-02 07:45:21,418 - itchat - INFO - Getting uuid of QR code.
2024-10-02 07:45:21,665 - itchat - INFO - Downloading QR code.
2024-10-02 07:45:21,713 - root - INFO - Getting uuid of QR code.
2024-10-02 07:45:21,720 - itchat - INFO - Please scan the QR code to log in.
2024-10-02 07:48:21,207 - root - INFO - 日志系统初始化成功
2024-10-02 07:48:21,210 - root - INFO - 应用启动
2024-10-02 07:48:21,211 - root - INFO - DownloadWatcher 已启动并监控下载目录
2024-10-02 07:48:21,211 - root - INFO - WeChatApp 实例化成功
2024-10-02 07:48:21,211 - root - INFO - 开始监控下载目录: /Users/martinezdavid/Downloads
2024-10-02 07:48:34,061 - root - INFO - 用户点击登录微信
2024-10-02 07:48:34,065 - root - INFO - Ready to login.
2024-10-02 07:48:34,287 - itchat - INFO - Getting uuid of QR code.
2024-10-02 07:48:34,509 - itchat - INFO - Downloading QR code.
2024-10-02 07:48:34,556 - root - INFO - Getting uuid of QR code.
2024-10-02 07:48:34,562 - itchat - INFO - Please scan the QR code to log in.
2024-10-02 07:52:30,931 - root - INFO - 日志系统初始化成功
2024-10-02 07:52:30,934 - root - INFO - 应用启动
2024-10-02 07:52:30,935 - root - INFO - DownloadWatcher 已启动并监控下载目录
2024-10-02 07:52:30,935 - root - INFO - WeChatApp 实例化成功
2024-10-02 07:52:30,935 - root - INFO - 开始监控下载目录: /Users/martinezdavid/Downloads
2024-10-02 07:52:38,070 - root - INFO - 用户点击登录微信
2024-10-02 07:52:38,075 - root - INFO - Ready to login.
2024-10-02 07:52:38,358 - itchat - INFO - Getting uuid of QR code.
2024-10-02 07:52:38,574 - itchat - INFO - Downloading QR code.
2024-10-02 07:52:38,603 - root - ERROR - 登录微信时发生错误: ItChatHandler.qr_callback() got an unexpected keyword argument 'uuid'
Traceback (most recent call last):
  File "/Users/martinezdavid/Documents/MG/code/wechat-automation-project/src/main.py", line 30, in login
    itchat.auto_login(enableCmdQR=False, hotReload=True, qrCallback=self.qr_callback)
  File "/Users/martinezdavid/miniconda3/lib/python3.12/site-packages/itchat/components/register.py", line 31, in auto_login
    self.login(enableCmdQR=enableCmdQR, picDir=picDir, qrCallback=qrCallback,
  File "/Users/martinezdavid/miniconda3/lib/python3.12/site-packages/itchat/components/login.py", line 48, in login
    qrStorage = self.get_QR(enableCmdQR=enableCmdQR,
                ^^^^^^^^^^^^^^^^^^^^^^^^^^^^^^^^^^^^
  File "/Users/martinezdavid/miniconda3/lib/python3.12/site-packages/itchat/components/login.py", line 116, in get_QR
    qrCallback(uuid=uuid, status='0', qrcode=qrStorage.getvalue())
TypeError: ItChatHandler.qr_callback() got an unexpected keyword argument 'uuid'
2024-10-02 07:52:38,610 - root - ERROR - 捕捉到异常
Traceback (most recent call last):
  File "/Users/martinezdavid/Documents/MG/code/wechat-automation-project/src/main.py", line 30, in login
    itchat.auto_login(enableCmdQR=False, hotReload=True, qrCallback=self.qr_callback)
  File "/Users/martinezdavid/miniconda3/lib/python3.12/site-packages/itchat/components/register.py", line 31, in auto_login
    self.login(enableCmdQR=enableCmdQR, picDir=picDir, qrCallback=qrCallback,
  File "/Users/martinezdavid/miniconda3/lib/python3.12/site-packages/itchat/components/login.py", line 48, in login
    qrStorage = self.get_QR(enableCmdQR=enableCmdQR,
                ^^^^^^^^^^^^^^^^^^^^^^^^^^^^^^^^^^^^
  File "/Users/martinezdavid/miniconda3/lib/python3.12/site-packages/itchat/components/login.py", line 116, in get_QR
    qrCallback(uuid=uuid, status='0', qrcode=qrStorage.getvalue())
TypeError: ItChatHandler.qr_callback() got an unexpected keyword argument 'uuid'
2024-10-02 07:53:03,745 - root - ERROR - 发送通知时发生错误: 'url'
Traceback (most recent call last):
  File "/Users/martinezdavid/Documents/MG/code/wechat-automation-project/src/main.py", line 30, in login
    itchat.auto_login(enableCmdQR=False, hotReload=True, qrCallback=self.qr_callback)
  File "/Users/martinezdavid/miniconda3/lib/python3.12/site-packages/itchat/components/register.py", line 31, in auto_login
    self.login(enableCmdQR=enableCmdQR, picDir=picDir, qrCallback=qrCallback,
  File "/Users/martinezdavid/miniconda3/lib/python3.12/site-packages/itchat/components/login.py", line 48, in login
    qrStorage = self.get_QR(enableCmdQR=enableCmdQR,
                ^^^^^^^^^^^^^^^^^^^^^^^^^^^^^^^^^^^^
  File "/Users/martinezdavid/miniconda3/lib/python3.12/site-packages/itchat/components/login.py", line 116, in get_QR
    qrCallback(uuid=uuid, status='0', qrcode=qrStorage.getvalue())
TypeError: ItChatHandler.qr_callback() got an unexpected keyword argument 'uuid'

During handling of the above exception, another exception occurred:

Traceback (most recent call last):
  File "/Users/martinezdavid/Documents/MG/code/wechat-automation-project/src/main.py", line 146, in notify
    itchat.send(message, toUserName=self.recipient)
  File "/Users/martinezdavid/miniconda3/lib/python3.12/site-packages/itchat/components/messages.py", line 508, in send
    r = self.send_msg(msg, toUserName)
        ^^^^^^^^^^^^^^^^^^^^^^^^^^^^^^
  File "/Users/martinezdavid/miniconda3/lib/python3.12/site-packages/itchat/components/messages.py", line 279, in send_msg
    r = self.send_raw_msg(1, msg, toUserName)
        ^^^^^^^^^^^^^^^^^^^^^^^^^^^^^^^^^^^^^
  File "/Users/martinezdavid/miniconda3/lib/python3.12/site-packages/itchat/components/messages.py", line 260, in send_raw_msg
    url = '%s/webwxsendmsg' % self.loginInfo['url']
                              ~~~~~~~~~~~~~~^^^^^^^
KeyError: 'url'
2024-10-02 07:55:19,556 - root - INFO - 日志系统初始化成功
2024-10-02 07:55:19,559 - root - INFO - 应用启动
2024-10-02 07:55:19,560 - root - INFO - DownloadWatcher 已启动并监控下载目录
2024-10-02 07:55:19,560 - root - INFO - WeChatApp 实例化成功
2024-10-02 07:55:19,560 - root - INFO - 开始监控下载目录: /Users/martinezdavid/Downloads
2024-10-02 07:55:28,399 - root - INFO - 用户点击登录微信
2024-10-02 07:55:28,404 - root - INFO - Ready to login.
2024-10-02 07:55:28,740 - itchat - INFO - Getting uuid of QR code.
2024-10-02 07:55:28,981 - itchat - INFO - Downloading QR code.
2024-10-02 07:55:29,027 - root - INFO - Getting uuid of QR code.
2024-10-02 07:55:29,037 - itchat - INFO - Please scan the QR code to log in.
2024-10-02 07:55:49,239 - root - INFO - 用户点击退出微信
2024-10-02 07:55:49,243 - root - INFO - 微信已退出
2024-10-02 07:55:51,000 - root - INFO - 用户点击登录微信
2024-10-02 07:55:51,007 - root - INFO - Ready to login.
2024-10-02 07:55:51,266 - itchat - INFO - Getting uuid of QR code.
2024-10-02 07:55:51,489 - itchat - INFO - Downloading QR code.
2024-10-02 07:55:51,539 - root - INFO - Getting uuid of QR code.
2024-10-02 07:55:51,548 - itchat - INFO - Please scan the QR code to log in.
2024-10-02 07:59:57,083 - root - INFO - 日志系统初始化成功
2024-10-02 07:59:57,086 - root - INFO - 应用启动
2024-10-02 08:00:47,424 - root - INFO - 日志系统初始化成功
2024-10-02 08:00:47,427 - root - INFO - 应用启动
2024-10-02 08:00:47,428 - root - INFO - DownloadWatcher 已启动并监控下载目录
2024-10-02 08:00:47,429 - root - INFO - WeChatApp 实例化成功
2024-10-02 08:00:47,429 - root - INFO - 开始监控下载目录: /Users/martinezdavid/Downloads
2024-10-02 08:00:52,488 - root - INFO - 用户点击登录微信
2024-10-02 08:00:52,493 - root - INFO - Ready to login.
2024-10-02 08:00:52,788 - itchat - ERROR - Hot reload failed, logging in normally, error={'BaseResponse': {'ErrMsg': '文件位置错误', 'Ret': -1002, 'RawMsg': 'No such file, loading login status failed.'}}
2024-10-02 08:00:52,793 - itchat - INFO - Ready to login.
2024-10-02 08:00:52,807 - itchat - INFO - Getting uuid of QR code.
2024-10-02 08:00:53,027 - itchat - INFO - Downloading QR code.
2024-10-02 08:00:53,053 - root - INFO - Getting uuid of QR code.
2024-10-02 08:01:15,219 - root - INFO - 用户点击退出微信
2024-10-02 08:01:15,225 - root - INFO - 微信已退出
2024-10-02 08:01:16,689 - root - INFO - 用户点击登录微信
2024-10-02 08:01:16,699 - root - INFO - Ready to login.
2024-10-02 08:01:17,034 - itchat - ERROR - Hot reload failed, logging in normally, error={'BaseResponse': {'ErrMsg': '文件位置错误', 'Ret': -1002, 'RawMsg': 'No such file, loading login status failed.'}}
2024-10-02 08:01:17,038 - itchat - INFO - Ready to login.
2024-10-02 08:01:17,043 - itchat - INFO - Getting uuid of QR code.
2024-10-02 08:01:17,229 - itchat - INFO - Downloading QR code.
2024-10-02 08:01:17,271 - root - INFO - Getting uuid of QR code.
2024-10-02 08:01:19,172 - root - INFO - 用户点击退出微信
2024-10-02 08:01:19,184 - root - INFO - 微信已退出
2024-10-02 08:01:19,984 - root - INFO - 用户点击登录微信
2024-10-02 08:01:19,988 - root - INFO - Ready to login.
2024-10-02 08:01:20,253 - itchat - ERROR - Hot reload failed, logging in normally, error={'BaseResponse': {'ErrMsg': '文件位置错误', 'Ret': -1002, 'RawMsg': 'No such file, loading login status failed.'}}
2024-10-02 08:01:20,258 - itchat - INFO - Ready to login.
2024-10-02 08:01:20,265 - itchat - INFO - Getting uuid of QR code.
2024-10-02 08:01:20,518 - itchat - INFO - Downloading QR code.
2024-10-02 08:01:20,540 - root - INFO - Getting uuid of QR code.
2024-10-02 08:02:49,034 - root - INFO - 检测到新文件: /Users/martinezdavid/Downloads/小数除法知识点总结及高频易错点精编卷（试题）小学数学五年级上册（人教版）.docx
2024-10-02 08:02:54,058 - root - INFO - 文件下载完成且稳定: /Users/martinezdavid/Downloads/小数除法知识点总结及高频易错点精编卷（试题）小学数学五年级上册（人教版）.docx
2024-10-02 08:02:54,062 - root - INFO - 处理下载完成的文件: /Users/martinezdavid/Downloads/小数除法知识点总结及高频易错点精编卷（试题）小学数学五年级上册（人教版）.docx
2024-10-02 08:03:19,337 - root - ERROR - 未找到群组: 🐠【学虎】课件下载
2024-10-02 08:03:28,225 - root - INFO - 检测到新文件: /Users/martinezdavid/Downloads/第二章+机械运动（单元复习课件）-【上好课】八年级物理上册同步高效课堂（沪科版·五四学制·2024）.pptx
2024-10-02 08:03:33,255 - root - INFO - 文件下载完成且稳定: /Users/martinezdavid/Downloads/第二章+机械运动（单元复习课件）-【上好课】八年级物理上册同步高效课堂（沪科版·五四学制·2024）.pptx
2024-10-02 08:03:33,263 - root - INFO - 处理下载完成的文件: /Users/martinezdavid/Downloads/第二章+机械运动（单元复习课件）-【上好课】八年级物理上册同步高效课堂（沪科版·五四学制·2024）.pptx
2024-10-02 08:03:58,545 - root - ERROR - 未找到群组: 🐠【学虎】课件下载
2024-10-02 08:04:42,574 - root - INFO - 检测到新文件: /Users/martinezdavid/Downloads/第二章+机械运动（单元复习课件）-【上好课】八年级物理上册同步高效课堂（沪科版·五四学制·2024）_副本.pptx
2024-10-02 08:04:42,585 - root - INFO - 检测到新文件: /Users/martinezdavid/Downloads/小数除法知识点总结及高频易错点精编卷（试题）小学数学五年级上册（人教版）_副本.docx
2024-10-02 08:04:47,605 - root - INFO - 文件下载完成且稳定: /Users/martinezdavid/Downloads/第二章+机械运动（单元复习课件）-【上好课】八年级物理上册同步高效课堂（沪科版·五四学制·2024）_副本.pptx
2024-10-02 08:04:47,620 - root - INFO - 处理下载完成的文件: /Users/martinezdavid/Downloads/第二章+机械运动（单元复习课件）-【上好课】八年级物理上册同步高效课堂（沪科版·五四学制·2024）_副本.pptx
2024-10-02 08:04:47,625 - root - INFO - 文件下载完成且稳定: /Users/martinezdavid/Downloads/小数除法知识点总结及高频易错点精编卷（试题）小学数学五年级上册（人教版）_副本.docx
2024-10-02 08:04:47,668 - root - INFO - 处理下载完成的文件: /Users/martinezdavid/Downloads/小数除法知识点总结及高频易错点精编卷（试题）小学数学五年级上册（人教版）_副本.docx
2024-10-02 08:05:12,877 - root - ERROR - 未找到群组: 🐠【学虎】课件下载
2024-10-02 08:05:12,935 - root - ERROR - 未找到群组: 🐠【学虎】课件下载
2024-10-02 08:06:22,526 - itchat - INFO - Log in time out, reloading QR code.
2024-10-02 08:06:22,535 - itchat - INFO - Getting uuid of QR code.
2024-10-02 08:06:22,677 - itchat - INFO - Downloading QR code.
2024-10-02 08:06:22,715 - root - INFO - Getting uuid of QR code.
2024-10-02 08:07:21,946 - root - INFO - 日志系统初始化成功
2024-10-02 08:07:21,949 - root - INFO - 应用启动
2024-10-02 08:07:21,950 - root - INFO - DownloadWatcher 已启动并监控下载目录
2024-10-02 08:07:21,950 - root - INFO - WeChatApp 实例化成功
2024-10-02 08:07:21,951 - root - INFO - 开始监控下载目录: /Users/martinezdavid/Downloads
2024-10-02 08:07:27,004 - root - INFO - 用户点击登录微信
2024-10-02 08:07:27,010 - root - INFO - Ready to login.
2024-10-02 08:07:27,327 - itchat - ERROR - Hot reload failed, logging in normally, error={'BaseResponse': {'ErrMsg': '文件位置错误', 'Ret': -1002, 'RawMsg': 'No such file, loading login status failed.'}}
2024-10-02 08:07:27,331 - itchat - INFO - Ready to login.
2024-10-02 08:07:27,345 - itchat - INFO - Getting uuid of QR code.
2024-10-02 08:07:27,550 - itchat - INFO - Downloading QR code.
2024-10-02 08:07:27,591 - root - INFO - Getting uuid of QR code.
2024-10-02 08:07:30,890 - root - INFO - 用户点击退出微信
2024-10-02 08:07:30,897 - root - INFO - 微信已退出
